<?xml version="1.0" encoding="UTF-8"?>
<!-- Generated by org.testng.reporters.JUnitReportReporter -->
<testsuite skipped="0" hostname="LAPTOP-6J2R3I92" name="com.wallet.hub.java.test.FacebookPostTest" tests="1" failures="0" timestamp="29 Aug 2018 04:33:37 GMT" time="29.663" errors="0">
  <testcase name="WalletTestStarHover" time="29.663" classname="com.wallet.hub.java.test.FacebookPostTest"/>
</testsuite> <!-- com.wallet.hub.java.test.FacebookPostTest -->
